<?xml version="1.0" encoding="UTF-8"?>
<!-- Generated by org.testng.reporters.JUnitReportReporter -->
<testsuite skipped="0" hostname="DESKTOP-VRCSTNR" name="tek.TestForm" tests="5" failures="0" timestamp="05 Oct 2017 13:09:46 GMT" time="102.576" errors="0">
  <testcase name="TC001" time="41.788" classname="tek.TestForm"/>
  <testcase name="TC002" time="17.618" classname="tek.TestForm"/>
  <testcase name="TC003" time="16.203" classname="tek.TestForm"/>
  <testcase name="TC004" time="13.310" classname="tek.TestForm"/>
  <testcase name="TC005" time="13.657" classname="tek.TestForm"/>
</testsuite> <!-- tek.TestForm -->
